build/app/intermediates/manifest_merge_blame_file/release/manifest-merger-blame-release-report.txt
1<?xml version="1.0" encoding="utf-8"?>
2<manifest xmlns:android="http://schemas.android.com/apk/res/android"
3    package="com.fitemos.fitemos"
4    android:versionCode="1"
5    android:versionName="1.0.0" >
6
7    <uses-sdk
8        android:minSdkVersion="16"
8-->src\main\AndroidManifest.xml
9        android:targetSdkVersion="28" />
9-->src\main\AndroidManifest.xml
10    <!--
11         io.flutter.app.FlutterApplication is an android.app.Application that
12         calls FlutterMain.startInitialization(this); in its onCreate method.
13         In most cases you can leave this as-is, but you if you want to provide
14         additional functionality it is fine to subclass or reimplement
15         FlutterApplication and put your custom class here.
16    -->
17    <uses-permission android:name="android.permission.INTERNET" />
17-->src\main\AndroidManifest.xml:9:5-66
17-->src\main\AndroidManifest.xml:9:22-64
18    <uses-permission android:name="android.permission.WRITE_EXTERNAL_STORAGE" />
18-->src\main\AndroidManifest.xml:10:5-81
18-->src\main\AndroidManifest.xml:10:22-78
19    <uses-permission android:name="android.permission.READ_EXTERNAL_STORAGE" />
19-->src\main\AndroidManifest.xml:11:5-80
19-->src\main\AndroidManifest.xml:11:22-77
20    <uses-permission android:name="android.permission.REQUEST_INSTALL_PACKAGES" />
20-->[:open_file] AndroidManifest.xml:8:5-83
20-->[:open_file] AndroidManifest.xml:8:22-80
21    <uses-permission android:name="android.permission.ACCESS_NETWORK_STATE" /> <!-- Permission will be merged into the manifest of the hosting app. -->
21-->[com.google.android.exoplayer:exoplayer-core:2.9.6] AndroidManifest.xml:24:5-79
21-->[com.google.android.exoplayer:exoplayer-core:2.9.6] AndroidManifest.xml:24:22-76
22    <!-- Is required to launch foreground extraction service for targetSdkVersion 28+. -->
23    <uses-permission android:name="android.permission.FOREGROUND_SERVICE" />
23-->[com.google.android.play:core:1.8.0] AndroidManifest.xml:8:3-74
23-->[com.google.android.play:core:1.8.0] AndroidManifest.xml:8:20-72
24    <uses-permission android:name="com.google.android.finsky.permission.BIND_GET_INSTALL_REFERRER_SERVICE" />
24-->[com.android.installreferrer:installreferrer:1.0] AndroidManifest.xml:9:5-110
24-->[com.android.installreferrer:installreferrer:1.0] AndroidManifest.xml:9:22-107
25
26    <application
26-->src\main\AndroidManifest.xml:12:5-82:19
27        android:name="io.flutter.app.FlutterApplication"
27-->src\main\AndroidManifest.xml:13:9-57
28        android:appComponentFactory="androidx.core.app.CoreComponentFactory"
28-->[androidx.core:core:1.1.0] AndroidManifest.xml:24:18-86
29        android:icon="@mipmap/ic_launcher"
29-->src\main\AndroidManifest.xml:15:9-43
30        android:label="fitemos"
30-->src\main\AndroidManifest.xml:14:9-32
31        android:supportsRtl="true" >
31-->[com.facebook.android:facebook-login:5.5.1] AndroidManifest.xml:28:18-44
32        <activity
32-->src\main\AndroidManifest.xml:16:9-45:20
33            android:name="com.fitemos.fitemos.MainActivity"
33-->src\main\AndroidManifest.xml:17:13-41
34            android:configChanges="orientation|keyboardHidden|keyboard|screenSize|smallestScreenSize|locale|layoutDirection|fontScale|screenLayout|density|uiMode"
34-->src\main\AndroidManifest.xml:20:13-163
35            android:hardwareAccelerated="true"
35-->src\main\AndroidManifest.xml:21:13-47
36            android:launchMode="singleTop"
36-->src\main\AndroidManifest.xml:18:13-43
37            android:theme="@style/LaunchTheme"
37-->src\main\AndroidManifest.xml:19:13-47
38            android:windowSoftInputMode="adjustResize" >
38-->src\main\AndroidManifest.xml:22:13-55
39
40            <!--
41                 Specifies an Android theme to apply to this Activity as soon as
42                 the Android process has started. This theme is visible to the user
43                 while the Flutter UI initializes. After that, this theme continues
44                 to determine the Window background behind the Flutter UI.
45            -->
46            <meta-data
46-->src\main\AndroidManifest.xml:28:13-31:17
47                android:name="io.flutter.embedding.android.NormalTheme"
47-->src\main\AndroidManifest.xml:29:15-70
48                android:resource="@style/NormalTheme" />
48-->src\main\AndroidManifest.xml:30:15-52
49            <!--
50                 Displays an Android View that continues showing the launch screen
51                 Drawable until Flutter paints its first frame, then this splash
52                 screen fades out. A splash screen is useful to avoid any visual
53                 gap between the end of Android's launch screen and the painting of
54                 Flutter's first frame.
55            -->
56            <meta-data
56-->src\main\AndroidManifest.xml:37:13-40:17
57                android:name="io.flutter.embedding.android.SplashScreenDrawable"
57-->src\main\AndroidManifest.xml:38:15-79
58                android:resource="@drawable/launch_background" />
58-->src\main\AndroidManifest.xml:39:15-61
59
60            <intent-filter>
60-->src\main\AndroidManifest.xml:41:13-44:29
61                <action android:name="android.intent.action.MAIN" />
61-->src\main\AndroidManifest.xml:42:17-68
61-->src\main\AndroidManifest.xml:42:25-66
62
63                <category android:name="android.intent.category.LAUNCHER" />
63-->src\main\AndroidManifest.xml:43:17-76
63-->src\main\AndroidManifest.xml:43:27-74
64            </intent-filter>
65        </activity>
66        <activity
66-->src\main\AndroidManifest.xml:46:9-50:20
67            android:name="com.yalantis.ucrop.UCropActivity"
67-->src\main\AndroidManifest.xml:47:13-60
68            android:screenOrientation="portrait"
68-->src\main\AndroidManifest.xml:48:13-49
69            android:theme="@style/Theme.AppCompat.Light.NoActionBar" >
69-->src\main\AndroidManifest.xml:49:13-69
70        </activity>
71        <!--
72             Don't delete the meta-data below.
73             This is used by the Flutter tool to generate GeneratedPluginRegistrant.java
74        -->
75        <meta-data
75-->src\main\AndroidManifest.xml:53:9-55:33
76            android:name="flutterEmbedding"
76-->src\main\AndroidManifest.xml:54:13-44
77            android:value="2" />
77-->src\main\AndroidManifest.xml:55:13-30
78        <meta-data
78-->src\main\AndroidManifest.xml:57:9-58:54
79            android:name="com.facebook.sdk.ApplicationId"
79-->src\main\AndroidManifest.xml:57:20-65
80            android:value="@string/facebook_app_id" />
80-->src\main\AndroidManifest.xml:58:13-52
81        <meta-data
81-->src\main\AndroidManifest.xml:60:9-61:47
82            android:name="com.facebook.sdk.ApplicationName"
82-->src\main\AndroidManifest.xml:60:20-67
83            android:value="@string/app_name" />
83-->src\main\AndroidManifest.xml:61:13-45
84
85        <activity
85-->src\main\AndroidManifest.xml:63:9-66:48
86            android:name="com.facebook.FacebookActivity"
86-->src\main\AndroidManifest.xml:63:19-63
87            android:configChanges="keyboard|keyboardHidden|screenLayout|screenSize|orientation"
87-->src\main\AndroidManifest.xml:64:13-114
88            android:label="@string/app_name"
88-->src\main\AndroidManifest.xml:66:13-45
89            android:theme="@style/com_facebook_activity_theme" />
89-->[com.facebook.android:facebook-common:5.15.3] AndroidManifest.xml:33:13-63
90        <activity
90-->src\main\AndroidManifest.xml:67:9-76:20
91            android:name="com.facebook.CustomTabActivity"
91-->src\main\AndroidManifest.xml:68:13-58
92            android:exported="true" >
92-->src\main\AndroidManifest.xml:69:13-36
93            <intent-filter>
93-->src\main\AndroidManifest.xml:70:13-75:29
94                <action android:name="android.intent.action.VIEW" />
94-->src\main\AndroidManifest.xml:71:17-69
94-->src\main\AndroidManifest.xml:71:25-66
95
96                <category android:name="android.intent.category.DEFAULT" />
96-->src\main\AndroidManifest.xml:72:17-76
96-->src\main\AndroidManifest.xml:72:27-73
97                <category android:name="android.intent.category.BROWSABLE" />
97-->src\main\AndroidManifest.xml:73:17-78
97-->src\main\AndroidManifest.xml:73:27-75
98
99                <data android:scheme="@string/fb_login_protocol_scheme" />
99-->src\main\AndroidManifest.xml:74:17-75
99-->src\main\AndroidManifest.xml:74:23-72
100            </intent-filter>
101            <intent-filter>
101-->[com.facebook.android:facebook-common:5.15.3] AndroidManifest.xml:39:13-48:29
102                <action android:name="android.intent.action.VIEW" />
102-->src\main\AndroidManifest.xml:71:17-69
102-->src\main\AndroidManifest.xml:71:25-66
103
104                <category android:name="android.intent.category.DEFAULT" />
104-->src\main\AndroidManifest.xml:72:17-76
104-->src\main\AndroidManifest.xml:72:27-73
105                <category android:name="android.intent.category.BROWSABLE" />
105-->src\main\AndroidManifest.xml:73:17-78
105-->src\main\AndroidManifest.xml:73:27-75
106
107                <data
107-->src\main\AndroidManifest.xml:74:17-75
108                    android:host="cct.com.fitemos.fitemos"
109                    android:scheme="fbconnect" />
109-->src\main\AndroidManifest.xml:74:23-72
110            </intent-filter>
111        </activity>
112
113        <provider
113-->src\main\AndroidManifest.xml:78:9-80:38
114            android:name="com.facebook.FacebookContentProvider"
114-->src\main\AndroidManifest.xml:79:13-64
115            android:authorities="com.facebook.app.FacebookContentProvider{660886487983366}"
115-->src\main\AndroidManifest.xml:78:19-98
116            android:exported="true" />
116-->src\main\AndroidManifest.xml:80:13-36
117        <provider
117-->[:image_picker] AndroidManifest.xml:11:9-19:20
118            android:name="io.flutter.plugins.imagepicker.ImagePickerFileProvider"
118-->[:image_picker] AndroidManifest.xml:12:13-82
119            android:authorities="com.fitemos.fitemos.flutter.image_provider"
119-->[:image_picker] AndroidManifest.xml:13:13-74
120            android:exported="false"
120-->[:image_picker] AndroidManifest.xml:14:13-37
121            android:grantUriPermissions="true" >
121-->[:image_picker] AndroidManifest.xml:15:13-47
122            <meta-data
122-->[:image_picker] AndroidManifest.xml:16:13-18:75
123                android:name="android.support.FILE_PROVIDER_PATHS"
123-->[:image_picker] AndroidManifest.xml:17:17-67
124                android:resource="@xml/flutter_image_picker_file_paths" />
124-->[:image_picker] AndroidManifest.xml:18:17-72
125        </provider>
126        <provider
126-->[:open_file] AndroidManifest.xml:12:9-21:20
127            android:name="androidx.core.content.FileProvider"
127-->[:open_file] AndroidManifest.xml:13:13-62
128            android:authorities="com.fitemos.fitemos.fileProvider"
128-->[:open_file] AndroidManifest.xml:14:13-64
129            android:exported="false"
129-->[:open_file] AndroidManifest.xml:15:13-37
130            android:grantUriPermissions="true" >
130-->[:open_file] AndroidManifest.xml:16:13-47
131            <meta-data
131-->[:image_picker] AndroidManifest.xml:16:13-18:75
132                android:name="android.support.FILE_PROVIDER_PATHS"
132-->[:image_picker] AndroidManifest.xml:17:17-67
133                android:resource="@xml/filepaths" />
133-->[:image_picker] AndroidManifest.xml:18:17-72
134        </provider>
135
136        <activity
136-->[:url_launcher] AndroidManifest.xml:8:9-11:74
137            android:name="io.flutter.plugins.urllauncher.WebViewActivity"
137-->[:url_launcher] AndroidManifest.xml:9:13-74
138            android:exported="false"
138-->[:url_launcher] AndroidManifest.xml:10:13-37
139            android:theme="@android:style/Theme.NoTitleBar.Fullscreen" />
139-->[:url_launcher] AndroidManifest.xml:11:13-71
140        <activity
140-->[com.google.android.gms:play-services-auth:16.0.1] AndroidManifest.xml:23:9-27:75
141            android:name="com.google.android.gms.auth.api.signin.internal.SignInHubActivity"
141-->[com.google.android.gms:play-services-auth:16.0.1] AndroidManifest.xml:24:13-93
142            android:excludeFromRecents="true"
142-->[com.google.android.gms:play-services-auth:16.0.1] AndroidManifest.xml:25:13-46
143            android:exported="false"
143-->[com.google.android.gms:play-services-auth:16.0.1] AndroidManifest.xml:26:13-37
144            android:theme="@android:style/Theme.Translucent.NoTitleBar" />
144-->[com.google.android.gms:play-services-auth:16.0.1] AndroidManifest.xml:27:13-72
145        <!--
146            Service handling Google Sign-In user revocation. For apps that do not integrate with
147            Google Sign-In, this service will never be started.
148        -->
149        <service
149-->[com.google.android.gms:play-services-auth:16.0.1] AndroidManifest.xml:33:9-36:110
150            android:name="com.google.android.gms.auth.api.signin.RevocationBoundService"
150-->[com.google.android.gms:play-services-auth:16.0.1] AndroidManifest.xml:34:13-89
151            android:exported="true"
151-->[com.google.android.gms:play-services-auth:16.0.1] AndroidManifest.xml:35:13-36
152            android:permission="com.google.android.gms.auth.api.signin.permission.REVOCATION_NOTIFICATION" />
152-->[com.google.android.gms:play-services-auth:16.0.1] AndroidManifest.xml:36:13-107
153
154        <activity
154-->[com.google.android.gms:play-services-base:16.0.1] AndroidManifest.xml:23:9-26:75
155            android:name="com.google.android.gms.common.api.GoogleApiActivity"
155-->[com.google.android.gms:play-services-base:16.0.1] AndroidManifest.xml:24:13-79
156            android:exported="false"
156-->[com.google.android.gms:play-services-base:16.0.1] AndroidManifest.xml:25:13-37
157            android:theme="@android:style/Theme.Translucent.NoTitleBar" />
157-->[com.google.android.gms:play-services-base:16.0.1] AndroidManifest.xml:26:13-72
158
159        <meta-data
159-->[com.google.android.gms:play-services-basement:16.0.1] AndroidManifest.xml:23:9-25:69
160            android:name="com.google.android.gms.version"
160-->[com.google.android.gms:play-services-basement:16.0.1] AndroidManifest.xml:24:13-58
161            android:value="@integer/google_play_services_version" />
161-->[com.google.android.gms:play-services-basement:16.0.1] AndroidManifest.xml:25:13-66
162
163        <activity android:name="com.facebook.CustomTabMainActivity" />
163-->[com.facebook.android:facebook-common:5.15.3] AndroidManifest.xml:34:9-71
163-->[com.facebook.android:facebook-common:5.15.3] AndroidManifest.xml:34:19-68
164        <!--
165         The initialization ContentProvider will call FacebookSdk.sdkInitialize automatically
166         with the application context. This config is merged in with the host app's manifest,
167         but there can only be one provider with the same authority activated at any given
168         point; so if the end user has two or more different apps that use Facebook SDK, only the
169         first one will be able to use the provider. To work around this problem, we use the
170         following placeholder in the authority to identify each host application as if it was
171         a completely different provider.
172        -->
173        <provider
173-->[com.facebook.android:facebook-core:5.15.3] AndroidManifest.xml:39:9-42:40
174            android:name="com.facebook.internal.FacebookInitProvider"
174-->[com.facebook.android:facebook-core:5.15.3] AndroidManifest.xml:40:13-70
175            android:authorities="com.fitemos.fitemos.FacebookInitProvider"
175-->[com.facebook.android:facebook-core:5.15.3] AndroidManifest.xml:41:13-72
176            android:exported="false" />
176-->[com.facebook.android:facebook-core:5.15.3] AndroidManifest.xml:42:13-37
177
178        <receiver
178-->[com.facebook.android:facebook-core:5.15.3] AndroidManifest.xml:44:9-50:20
179            android:name="com.facebook.CurrentAccessTokenExpirationBroadcastReceiver"
179-->[com.facebook.android:facebook-core:5.15.3] AndroidManifest.xml:45:13-86
180            android:exported="false" >
180-->[com.facebook.android:facebook-core:5.15.3] AndroidManifest.xml:46:13-37
181            <intent-filter>
181-->[com.facebook.android:facebook-core:5.15.3] AndroidManifest.xml:47:13-49:29
182                <action android:name="com.facebook.sdk.ACTION_CURRENT_ACCESS_TOKEN_CHANGED" />
182-->[com.facebook.android:facebook-core:5.15.3] AndroidManifest.xml:48:17-95
182-->[com.facebook.android:facebook-core:5.15.3] AndroidManifest.xml:48:25-92
183            </intent-filter>
184        </receiver> <!-- The activities will be merged into the manifest of the hosting app. -->
185        <activity
185-->[com.google.android.play:core:1.8.0] AndroidManifest.xml:12:5-271
186            android:name="com.google.android.play.core.missingsplits.PlayCoreMissingSplitsActivity"
186-->[com.google.android.play:core:1.8.0] AndroidManifest.xml:12:15-102
187            android:enabled="false"
187-->[com.google.android.play:core:1.8.0] AndroidManifest.xml:12:103-126
188            android:exported="false"
188-->[com.google.android.play:core:1.8.0] AndroidManifest.xml:12:127-151
189            android:launchMode="singleInstance"
189-->[com.google.android.play:core:1.8.0] AndroidManifest.xml:12:204-239
190            android:process=":playcore_missing_splits_activity"
190-->[com.google.android.play:core:1.8.0] AndroidManifest.xml:12:152-203
191            android:stateNotNeeded="true" />
191-->[com.google.android.play:core:1.8.0] AndroidManifest.xml:12:240-269
192        <activity
192-->[com.google.android.play:core:1.8.0] AndroidManifest.xml:13:5-226
193            android:name="com.google.android.play.core.common.PlayCoreDialogWrapperActivity"
193-->[com.google.android.play:core:1.8.0] AndroidManifest.xml:13:15-95
194            android:enabled="false"
194-->[com.google.android.play:core:1.8.0] AndroidManifest.xml:13:96-119
195            android:exported="false"
195-->[com.google.android.play:core:1.8.0] AndroidManifest.xml:13:120-144
196            android:stateNotNeeded="true"
196-->[com.google.android.play:core:1.8.0] AndroidManifest.xml:13:145-174
197            android:theme="@style/Theme.PlayCore.Transparent" /> <!-- The service will be merged into the manifest of the hosting app. -->
197-->[com.google.android.play:core:1.8.0] AndroidManifest.xml:13:175-224
198        <service
198-->[com.google.android.play:core:1.8.0] AndroidManifest.xml:16:5-145
199            android:name="com.google.android.play.core.assetpacks.AssetPackExtractionService"
199-->[com.google.android.play:core:1.8.0] AndroidManifest.xml:16:14-95
200            android:enabled="false"
200-->[com.google.android.play:core:1.8.0] AndroidManifest.xml:16:96-119
201            android:exported="true" />
201-->[com.google.android.play:core:1.8.0] AndroidManifest.xml:16:120-143
202    </application>
203
204</manifest>